2023-08-14 16:14:05.014  INFO 25596 --- [main] com.neo.SwaggerApplication               : Starting SwaggerApplication v2.1.0.RELEASE on fengxiaoyang with PID 25596 (D:\Share\易恒\java-samples\spring-boot-swagger-mock-hs\target\spring-boot-HS-mockserver-2.1.0.RELEASE.jar started by norman in D:\Share\易恒\java-samples\spring-boot-swagger-mock-hs\target)
2023-08-14 16:14:05.018  INFO 25596 --- [main] com.neo.SwaggerApplication               : No active profile set, falling back to default profiles: default
2023-08-14 16:14:06.864  INFO 25596 --- [main] o.s.b.w.embedded.tomcat.TomcatWebServer  : Tomcat initialized with port(s): 9090 (http)
2023-08-14 16:14:06.885  INFO 25596 --- [main] o.apache.catalina.core.StandardService   : Starting service [Tomcat]
2023-08-14 16:14:06.886  INFO 25596 --- [main] org.apache.catalina.core.StandardEngine  : Starting Servlet Engine: Apache Tomcat/9.0.12
2023-08-14 16:14:06.895  INFO 25596 --- [main] o.a.catalina.core.AprLifecycleListener   : The APR based Apache Tomcat Native library which allows optimal performance in production environments was not found on the java.library.path: [C:\Program Files\Java\jdk-18\bin;C:\WINDOWS\Sun\Java\bin;C:\WINDOWS\system32;C:\WINDOWS;C:\Python310\Scripts\;C:\Python310\;C:\Program Files\Common Files\Oracle\Java\javapath;C:\Program Files (x86)\Common Files\Oracle\Java\javapath;C:\Program Files (x86)\VMware\VMware Workstation\bin\;C:\Python38\Scripts\;C:\Python38\;C:\WINDOWS\system32;C:\WINDOWS;C:\WINDOWS\System32\Wbem;C:\WINDOWS\System32\WindowsPowerShell\v1.0\;C:\WINDOWS\System32\OpenSSH\;C:\Program Files\dotnet\;C:\LLVM\bin;C:\Program Files\Git\cmd;C:\Program Files\Git\bin;D:\SW\Dev tools\apache-maven-3.8.5-bin\apache-maven-3.8.5\bin;C:\Program Files\Java\jdk-11.0.12\bin;D:\SW\Dev tools\apache-maven-3.8.5-bin\apache-maven-3.8.5\bin;C:\ProgramData\chocolatey\bin;D:\nodejs\;D:\curl;C:\Program Files\MySQL\MySQL Shell 8.0\bin\;C:\Users\norman\AppData\Local\Microsoft\WindowsApps;C:\Users\norman\AppData\Local\Programs\Microsoft VS Code\bin;C:\Users\norman\.dotnet\tools;C:\LLVM\bin;C:\Program Files\Git\bin;C:\Program Files\JetBrains\IntelliJ IDEA 2021.3.2\bin;;D:\SW\Dev tools\apache-maven-3.8.5-bin\apache-maven-3.8.5\bin;C:\Program Files\Java\jdk-11.0.12\bin;D:\SW\Dev tools\apache-maven-3.8.5-bin\apache-maven-3.8.5\bin;D:\nodejs\node_global;D:\nodejs\;C:\Users\norman\AppData\Roaming\npm;D:\curl;;.]
2023-08-14 16:14:07.001  INFO 25596 --- [main] o.a.c.c.C.[Tomcat].[localhost].[/]       : Initializing Spring embedded WebApplicationContext
2023-08-14 16:14:07.002  INFO 25596 --- [main] o.s.web.context.ContextLoader            : Root WebApplicationContext: initialization completed in 1891 ms
2023-08-14 16:14:07.037  INFO 25596 --- [main] o.s.b.w.servlet.ServletRegistrationBean  : Servlet dispatcherServlet mapped to [/]
2023-08-14 16:14:07.041  INFO 25596 --- [main] o.s.b.w.servlet.FilterRegistrationBean   : Mapping filter: 'characterEncodingFilter' to: [/*]
2023-08-14 16:14:07.042  INFO 25596 --- [main] o.s.b.w.servlet.FilterRegistrationBean   : Mapping filter: 'hiddenHttpMethodFilter' to: [/*]
2023-08-14 16:14:07.042  INFO 25596 --- [main] o.s.b.w.servlet.FilterRegistrationBean   : Mapping filter: 'formContentFilter' to: [/*]
2023-08-14 16:14:07.042  INFO 25596 --- [main] o.s.b.w.servlet.FilterRegistrationBean   : Mapping filter: 'requestContextFilter' to: [/*]
2023-08-14 16:14:07.402  INFO 25596 --- [main] pertySourcedRequestMappingHandlerMapping : Mapped URL path [/v2/api-docs] onto method [public org.springframework.http.ResponseEntity<springfox.documentation.spring.web.json.Json> springfox.documentation.swagger2.web.Swagger2Controller.getDocumentation(java.lang.String,javax.servlet.http.HttpServletRequest)]
2023-08-14 16:14:07.559  INFO 25596 --- [main] o.s.s.concurrent.ThreadPoolTaskExecutor  : Initializing ExecutorService 'applicationTaskExecutor'
2023-08-14 16:14:07.790  INFO 25596 --- [main] d.s.w.p.DocumentationPluginsBootstrapper : Context refreshed
2023-08-14 16:14:07.838  INFO 25596 --- [main] d.s.w.p.DocumentationPluginsBootstrapper : Found 1 custom documentation plugin(s)
2023-08-14 16:14:07.869  INFO 25596 --- [main] s.d.s.w.s.ApiListingReferenceScanner     : Scanning for api listing references
2023-08-14 16:14:07.930  INFO 25596 --- [main] .d.s.w.r.o.CachingOperationNameGenerator : Generating unique operation named: combinedUsingPOST_1
2023-08-14 16:14:07.935  INFO 25596 --- [main] .d.s.w.r.o.CachingOperationNameGenerator : Generating unique operation named: combinedUsingPOST_2
2023-08-14 16:14:07.937  INFO 25596 --- [main] .d.s.w.r.o.CachingOperationNameGenerator : Generating unique operation named: combinedUsingPOST_3
2023-08-14 16:14:07.938  INFO 25596 --- [main] .d.s.w.r.o.CachingOperationNameGenerator : Generating unique operation named: combinedUsingPOST_4
2023-08-14 16:14:07.940  INFO 25596 --- [main] .d.s.w.r.o.CachingOperationNameGenerator : Generating unique operation named: combinedUsingPOST_5
2023-08-14 16:14:07.941  INFO 25596 --- [main] .d.s.w.r.o.CachingOperationNameGenerator : Generating unique operation named: combinedUsingPOST_6
2023-08-14 16:14:08.031  INFO 25596 --- [main] o.s.b.w.embedded.tomcat.TomcatWebServer  : Tomcat started on port(s): 9090 (http) with context path ''
2023-08-14 16:14:08.035  INFO 25596 --- [main] com.neo.SwaggerApplication               : Started SwaggerApplication in 3.656 seconds (JVM running for 5.122)
2023-08-14 16:24:44.020  INFO 25596 --- [http-nio-9090-exec-1] o.a.c.c.C.[Tomcat].[localhost].[/]       : Initializing Spring DispatcherServlet 'dispatcherServlet'
2023-08-14 16:24:44.021  INFO 25596 --- [http-nio-9090-exec-1] o.s.web.servlet.DispatcherServlet        : Initializing Servlet 'dispatcherServlet'
2023-08-14 16:24:44.034  INFO 25596 --- [http-nio-9090-exec-1] o.s.web.servlet.DispatcherServlet        : Completed initialization in 13 ms
2023-08-14 16:32:03.696  INFO 25596 --- [Thread-3] o.s.s.concurrent.ThreadPoolTaskExecutor  : Shutting down ExecutorService 'applicationTaskExecutor'
2023-08-14 16:34:01.126  INFO 18460 --- [main] com.neo.SwaggerApplication               : Starting SwaggerApplication v2.1.0.RELEASE on fengxiaoyang with PID 18460 (D:\Share\易恒\java-samples\spring-boot-swagger-mock-hs\target\spring-boot-HS-mockserver-2.1.0.RELEASE.jar started by norman in D:\Share\易恒\java-samples\spring-boot-swagger-mock-hs\target)
2023-08-14 16:34:01.129  INFO 18460 --- [main] com.neo.SwaggerApplication               : No active profile set, falling back to default profiles: default
2023-08-14 16:34:02.755  INFO 18460 --- [main] o.s.b.w.embedded.tomcat.TomcatWebServer  : Tomcat initialized with port(s): 9090 (http)
2023-08-14 16:34:02.773  INFO 18460 --- [main] o.apache.catalina.core.StandardService   : Starting service [Tomcat]
2023-08-14 16:34:02.774  INFO 18460 --- [main] org.apache.catalina.core.StandardEngine  : Starting Servlet Engine: Apache Tomcat/9.0.12
2023-08-14 16:34:02.781  INFO 18460 --- [main] o.a.catalina.core.AprLifecycleListener   : The APR based Apache Tomcat Native library which allows optimal performance in production environments was not found on the java.library.path: [C:\Program Files\Java\jdk-18\bin;C:\WINDOWS\Sun\Java\bin;C:\WINDOWS\system32;C:\WINDOWS;C:\Python310\Scripts\;C:\Python310\;C:\Program Files\Common Files\Oracle\Java\javapath;C:\Program Files (x86)\Common Files\Oracle\Java\javapath;C:\Program Files (x86)\VMware\VMware Workstation\bin\;C:\Python38\Scripts\;C:\Python38\;C:\WINDOWS\system32;C:\WINDOWS;C:\WINDOWS\System32\Wbem;C:\WINDOWS\System32\WindowsPowerShell\v1.0\;C:\WINDOWS\System32\OpenSSH\;C:\Program Files\dotnet\;C:\LLVM\bin;C:\Program Files\Git\cmd;C:\Program Files\Git\bin;D:\SW\Dev tools\apache-maven-3.8.5-bin\apache-maven-3.8.5\bin;C:\Program Files\Java\jdk-11.0.12\bin;D:\SW\Dev tools\apache-maven-3.8.5-bin\apache-maven-3.8.5\bin;C:\ProgramData\chocolatey\bin;D:\nodejs\;D:\curl;C:\Program Files\MySQL\MySQL Shell 8.0\bin\;C:\Users\norman\AppData\Local\Microsoft\WindowsApps;C:\Users\norman\AppData\Local\Programs\Microsoft VS Code\bin;C:\Users\norman\.dotnet\tools;C:\LLVM\bin;C:\Program Files\Git\bin;C:\Program Files\JetBrains\IntelliJ IDEA 2021.3.2\bin;;D:\SW\Dev tools\apache-maven-3.8.5-bin\apache-maven-3.8.5\bin;C:\Program Files\Java\jdk-11.0.12\bin;D:\SW\Dev tools\apache-maven-3.8.5-bin\apache-maven-3.8.5\bin;D:\nodejs\node_global;D:\nodejs\;C:\Users\norman\AppData\Roaming\npm;D:\curl;;.]
2023-08-14 16:34:02.880  INFO 18460 --- [main] o.a.c.c.C.[Tomcat].[localhost].[/]       : Initializing Spring embedded WebApplicationContext
2023-08-14 16:34:02.880  INFO 18460 --- [main] o.s.web.context.ContextLoader            : Root WebApplicationContext: initialization completed in 1669 ms
2023-08-14 16:34:02.913  INFO 18460 --- [main] o.s.b.w.servlet.ServletRegistrationBean  : Servlet dispatcherServlet mapped to [/]
2023-08-14 16:34:02.917  INFO 18460 --- [main] o.s.b.w.servlet.FilterRegistrationBean   : Mapping filter: 'characterEncodingFilter' to: [/*]
2023-08-14 16:34:02.918  INFO 18460 --- [main] o.s.b.w.servlet.FilterRegistrationBean   : Mapping filter: 'hiddenHttpMethodFilter' to: [/*]
2023-08-14 16:34:02.918  INFO 18460 --- [main] o.s.b.w.servlet.FilterRegistrationBean   : Mapping filter: 'formContentFilter' to: [/*]
2023-08-14 16:34:02.918  INFO 18460 --- [main] o.s.b.w.servlet.FilterRegistrationBean   : Mapping filter: 'requestContextFilter' to: [/*]
2023-08-14 16:34:03.297  INFO 18460 --- [main] pertySourcedRequestMappingHandlerMapping : Mapped URL path [/v2/api-docs] onto method [public org.springframework.http.ResponseEntity<springfox.documentation.spring.web.json.Json> springfox.documentation.swagger2.web.Swagger2Controller.getDocumentation(java.lang.String,javax.servlet.http.HttpServletRequest)]
2023-08-14 16:34:03.475  INFO 18460 --- [main] o.s.s.concurrent.ThreadPoolTaskExecutor  : Initializing ExecutorService 'applicationTaskExecutor'
2023-08-14 16:34:03.742  INFO 18460 --- [main] d.s.w.p.DocumentationPluginsBootstrapper : Context refreshed
2023-08-14 16:34:03.781  INFO 18460 --- [main] d.s.w.p.DocumentationPluginsBootstrapper : Found 1 custom documentation plugin(s)
2023-08-14 16:34:03.825  INFO 18460 --- [main] s.d.s.w.s.ApiListingReferenceScanner     : Scanning for api listing references
2023-08-14 16:34:03.879  INFO 18460 --- [main] .d.s.w.r.o.CachingOperationNameGenerator : Generating unique operation named: combinedUsingPOST_1
2023-08-14 16:34:03.882  INFO 18460 --- [main] .d.s.w.r.o.CachingOperationNameGenerator : Generating unique operation named: combinedUsingPOST_2
2023-08-14 16:34:03.883  INFO 18460 --- [main] .d.s.w.r.o.CachingOperationNameGenerator : Generating unique operation named: combinedUsingPOST_3
2023-08-14 16:34:03.884  INFO 18460 --- [main] .d.s.w.r.o.CachingOperationNameGenerator : Generating unique operation named: combinedUsingPOST_4
2023-08-14 16:34:03.886  INFO 18460 --- [main] .d.s.w.r.o.CachingOperationNameGenerator : Generating unique operation named: combinedUsingPOST_5
2023-08-14 16:34:03.887  INFO 18460 --- [main] .d.s.w.r.o.CachingOperationNameGenerator : Generating unique operation named: combinedUsingPOST_6
2023-08-14 16:34:03.968  INFO 18460 --- [main] o.s.b.w.embedded.tomcat.TomcatWebServer  : Tomcat started on port(s): 9090 (http) with context path ''
2023-08-14 16:34:03.971  INFO 18460 --- [main] com.neo.SwaggerApplication               : Started SwaggerApplication in 3.391 seconds (JVM running for 4.475)
2023-08-14 16:35:07.408  INFO 18460 --- [http-nio-9090-exec-2] o.a.c.c.C.[Tomcat].[localhost].[/]       : Initializing Spring DispatcherServlet 'dispatcherServlet'
2023-08-14 16:35:07.408  INFO 18460 --- [http-nio-9090-exec-2] o.s.web.servlet.DispatcherServlet        : Initializing Servlet 'dispatcherServlet'
2023-08-14 16:35:07.416  INFO 18460 --- [http-nio-9090-exec-2] o.s.web.servlet.DispatcherServlet        : Completed initialization in 8 ms
2023-08-14 16:38:49.034  INFO 18460 --- [Thread-3] o.s.s.concurrent.ThreadPoolTaskExecutor  : Shutting down ExecutorService 'applicationTaskExecutor'
2023-08-14 16:38:54.078  INFO 15364 --- [main] com.neo.SwaggerApplication               : Starting SwaggerApplication v2.1.0.RELEASE on fengxiaoyang with PID 15364 (D:\Share\易恒\java-samples\spring-boot-swagger-mock-hs\target\spring-boot-HS-mockserver-2.1.0.RELEASE.jar started by norman in D:\Share\易恒\java-samples\spring-boot-swagger-mock-hs\target)
2023-08-14 16:38:54.081  INFO 15364 --- [main] com.neo.SwaggerApplication               : No active profile set, falling back to default profiles: default
2023-08-14 16:38:56.184  INFO 15364 --- [main] o.s.b.w.embedded.tomcat.TomcatWebServer  : Tomcat initialized with port(s): 9090 (http)
2023-08-14 16:38:56.208  INFO 15364 --- [main] o.apache.catalina.core.StandardService   : Starting service [Tomcat]
2023-08-14 16:38:56.209  INFO 15364 --- [main] org.apache.catalina.core.StandardEngine  : Starting Servlet Engine: Apache Tomcat/9.0.12
2023-08-14 16:38:56.223  INFO 15364 --- [main] o.a.catalina.core.AprLifecycleListener   : The APR based Apache Tomcat Native library which allows optimal performance in production environments was not found on the java.library.path: [C:\Program Files\Java\jdk-18\bin;C:\WINDOWS\Sun\Java\bin;C:\WINDOWS\system32;C:\WINDOWS;C:\Python310\Scripts\;C:\Python310\;C:\Program Files\Common Files\Oracle\Java\javapath;C:\Program Files (x86)\Common Files\Oracle\Java\javapath;C:\Program Files (x86)\VMware\VMware Workstation\bin\;C:\Python38\Scripts\;C:\Python38\;C:\WINDOWS\system32;C:\WINDOWS;C:\WINDOWS\System32\Wbem;C:\WINDOWS\System32\WindowsPowerShell\v1.0\;C:\WINDOWS\System32\OpenSSH\;C:\Program Files\dotnet\;C:\LLVM\bin;C:\Program Files\Git\cmd;C:\Program Files\Git\bin;D:\SW\Dev tools\apache-maven-3.8.5-bin\apache-maven-3.8.5\bin;C:\Program Files\Java\jdk-11.0.12\bin;D:\SW\Dev tools\apache-maven-3.8.5-bin\apache-maven-3.8.5\bin;C:\ProgramData\chocolatey\bin;D:\nodejs\;D:\curl;C:\Program Files\MySQL\MySQL Shell 8.0\bin\;C:\Users\norman\AppData\Local\Microsoft\WindowsApps;C:\Users\norman\AppData\Local\Programs\Microsoft VS Code\bin;C:\Users\norman\.dotnet\tools;C:\LLVM\bin;C:\Program Files\Git\bin;C:\Program Files\JetBrains\IntelliJ IDEA 2021.3.2\bin;;D:\SW\Dev tools\apache-maven-3.8.5-bin\apache-maven-3.8.5\bin;C:\Program Files\Java\jdk-11.0.12\bin;D:\SW\Dev tools\apache-maven-3.8.5-bin\apache-maven-3.8.5\bin;D:\nodejs\node_global;D:\nodejs\;C:\Users\norman\AppData\Roaming\npm;D:\curl;;.]
2023-08-14 16:38:56.358  INFO 15364 --- [main] o.a.c.c.C.[Tomcat].[localhost].[/]       : Initializing Spring embedded WebApplicationContext
2023-08-14 16:38:56.358  INFO 15364 --- [main] o.s.web.context.ContextLoader            : Root WebApplicationContext: initialization completed in 2201 ms
2023-08-14 16:38:56.390  INFO 15364 --- [main] o.s.b.w.servlet.ServletRegistrationBean  : Servlet dispatcherServlet mapped to [/]
2023-08-14 16:38:56.398  INFO 15364 --- [main] o.s.b.w.servlet.FilterRegistrationBean   : Mapping filter: 'characterEncodingFilter' to: [/*]
2023-08-14 16:38:56.398  INFO 15364 --- [main] o.s.b.w.servlet.FilterRegistrationBean   : Mapping filter: 'hiddenHttpMethodFilter' to: [/*]
2023-08-14 16:38:56.398  INFO 15364 --- [main] o.s.b.w.servlet.FilterRegistrationBean   : Mapping filter: 'formContentFilter' to: [/*]
2023-08-14 16:38:56.398  INFO 15364 --- [main] o.s.b.w.servlet.FilterRegistrationBean   : Mapping filter: 'requestContextFilter' to: [/*]
2023-08-14 16:38:56.824  INFO 15364 --- [main] pertySourcedRequestMappingHandlerMapping : Mapped URL path [/v2/api-docs] onto method [public org.springframework.http.ResponseEntity<springfox.documentation.spring.web.json.Json> springfox.documentation.swagger2.web.Swagger2Controller.getDocumentation(java.lang.String,javax.servlet.http.HttpServletRequest)]
2023-08-14 16:38:56.974  INFO 15364 --- [main] o.s.s.concurrent.ThreadPoolTaskExecutor  : Initializing ExecutorService 'applicationTaskExecutor'
2023-08-14 16:38:57.231  INFO 15364 --- [main] d.s.w.p.DocumentationPluginsBootstrapper : Context refreshed
2023-08-14 16:38:57.284  INFO 15364 --- [main] d.s.w.p.DocumentationPluginsBootstrapper : Found 1 custom documentation plugin(s)
2023-08-14 16:38:57.317  INFO 15364 --- [main] s.d.s.w.s.ApiListingReferenceScanner     : Scanning for api listing references
2023-08-14 16:38:57.385  INFO 15364 --- [main] .d.s.w.r.o.CachingOperationNameGenerator : Generating unique operation named: combinedUsingPOST_1
2023-08-14 16:38:57.388  INFO 15364 --- [main] .d.s.w.r.o.CachingOperationNameGenerator : Generating unique operation named: combinedUsingPOST_2
2023-08-14 16:38:57.390  INFO 15364 --- [main] .d.s.w.r.o.CachingOperationNameGenerator : Generating unique operation named: combinedUsingPOST_3
2023-08-14 16:38:57.393  INFO 15364 --- [main] .d.s.w.r.o.CachingOperationNameGenerator : Generating unique operation named: combinedUsingPOST_4
2023-08-14 16:38:57.397  INFO 15364 --- [main] .d.s.w.r.o.CachingOperationNameGenerator : Generating unique operation named: combinedUsingPOST_5
2023-08-14 16:38:57.399  INFO 15364 --- [main] .d.s.w.r.o.CachingOperationNameGenerator : Generating unique operation named: combinedUsingPOST_6
2023-08-14 16:38:57.518  INFO 15364 --- [main] o.s.b.w.embedded.tomcat.TomcatWebServer  : Tomcat started on port(s): 9090 (http) with context path ''
2023-08-14 16:38:57.522  INFO 15364 --- [main] com.neo.SwaggerApplication               : Started SwaggerApplication in 3.962 seconds (JVM running for 5.063)
2023-08-14 16:39:37.218  INFO 15364 --- [http-nio-9090-exec-1] o.a.c.c.C.[Tomcat].[localhost].[/]       : Initializing Spring DispatcherServlet 'dispatcherServlet'
2023-08-14 16:39:37.218  INFO 15364 --- [http-nio-9090-exec-1] o.s.web.servlet.DispatcherServlet        : Initializing Servlet 'dispatcherServlet'
2023-08-14 16:39:37.227  INFO 15364 --- [http-nio-9090-exec-1] o.s.web.servlet.DispatcherServlet        : Completed initialization in 8 ms
2023-08-14 16:40:01.165  INFO 15364 --- [Thread-3] o.s.s.concurrent.ThreadPoolTaskExecutor  : Shutting down ExecutorService 'applicationTaskExecutor'
2023-08-14 16:50:19.879  INFO 21736 --- [main] com.neo.SwaggerApplication               : Starting SwaggerApplication v2.1.0.RELEASE on fengxiaoyang with PID 21736 (D:\Share\易恒\java-samples\spring-boot-swagger-mock-hs\target\spring-boot-HS-mockserver-2.1.0.RELEASE.jar started by norman in D:\Share\易恒\java-samples\spring-boot-swagger-mock-hs\target)
2023-08-14 16:50:19.882  INFO 21736 --- [main] com.neo.SwaggerApplication               : No active profile set, falling back to default profiles: default
2023-08-14 16:50:21.536  INFO 21736 --- [main] o.s.b.w.embedded.tomcat.TomcatWebServer  : Tomcat initialized with port(s): 9090 (http)
2023-08-14 16:50:21.558  INFO 21736 --- [main] o.apache.catalina.core.StandardService   : Starting service [Tomcat]
2023-08-14 16:50:21.559  INFO 21736 --- [main] org.apache.catalina.core.StandardEngine  : Starting Servlet Engine: Apache Tomcat/9.0.12
2023-08-14 16:50:21.569  INFO 21736 --- [main] o.a.catalina.core.AprLifecycleListener   : The APR based Apache Tomcat Native library which allows optimal performance in production environments was not found on the java.library.path: [C:\Program Files\Java\jdk-18\bin;C:\WINDOWS\Sun\Java\bin;C:\WINDOWS\system32;C:\WINDOWS;C:\Python310\Scripts\;C:\Python310\;C:\Program Files\Common Files\Oracle\Java\javapath;C:\Program Files (x86)\Common Files\Oracle\Java\javapath;C:\Program Files (x86)\VMware\VMware Workstation\bin\;C:\Python38\Scripts\;C:\Python38\;C:\WINDOWS\system32;C:\WINDOWS;C:\WINDOWS\System32\Wbem;C:\WINDOWS\System32\WindowsPowerShell\v1.0\;C:\WINDOWS\System32\OpenSSH\;C:\Program Files\dotnet\;C:\LLVM\bin;C:\Program Files\Git\cmd;C:\Program Files\Git\bin;D:\SW\Dev tools\apache-maven-3.8.5-bin\apache-maven-3.8.5\bin;C:\Program Files\Java\jdk-11.0.12\bin;D:\SW\Dev tools\apache-maven-3.8.5-bin\apache-maven-3.8.5\bin;C:\ProgramData\chocolatey\bin;D:\nodejs\;D:\curl;C:\Program Files\MySQL\MySQL Shell 8.0\bin\;C:\Users\norman\AppData\Local\Microsoft\WindowsApps;C:\Users\norman\AppData\Local\Programs\Microsoft VS Code\bin;C:\Users\norman\.dotnet\tools;C:\LLVM\bin;C:\Program Files\Git\bin;C:\Program Files\JetBrains\IntelliJ IDEA 2021.3.2\bin;;D:\SW\Dev tools\apache-maven-3.8.5-bin\apache-maven-3.8.5\bin;C:\Program Files\Java\jdk-11.0.12\bin;D:\SW\Dev tools\apache-maven-3.8.5-bin\apache-maven-3.8.5\bin;D:\nodejs\node_global;D:\nodejs\;C:\Users\norman\AppData\Roaming\npm;D:\curl;;.]
2023-08-14 16:50:21.747  INFO 21736 --- [main] o.a.c.c.C.[Tomcat].[localhost].[/]       : Initializing Spring embedded WebApplicationContext
2023-08-14 16:50:21.748  INFO 21736 --- [main] o.s.web.context.ContextLoader            : Root WebApplicationContext: initialization completed in 1783 ms
2023-08-14 16:50:21.819  INFO 21736 --- [main] o.s.b.w.servlet.ServletRegistrationBean  : Servlet dispatcherServlet mapped to [/]
2023-08-14 16:50:21.824  INFO 21736 --- [main] o.s.b.w.servlet.FilterRegistrationBean   : Mapping filter: 'characterEncodingFilter' to: [/*]
2023-08-14 16:50:21.825  INFO 21736 --- [main] o.s.b.w.servlet.FilterRegistrationBean   : Mapping filter: 'hiddenHttpMethodFilter' to: [/*]
2023-08-14 16:50:21.825  INFO 21736 --- [main] o.s.b.w.servlet.FilterRegistrationBean   : Mapping filter: 'formContentFilter' to: [/*]
2023-08-14 16:50:21.825  INFO 21736 --- [main] o.s.b.w.servlet.FilterRegistrationBean   : Mapping filter: 'requestContextFilter' to: [/*]
2023-08-14 16:50:22.211  INFO 21736 --- [main] pertySourcedRequestMappingHandlerMapping : Mapped URL path [/v2/api-docs] onto method [public org.springframework.http.ResponseEntity<springfox.documentation.spring.web.json.Json> springfox.documentation.swagger2.web.Swagger2Controller.getDocumentation(java.lang.String,javax.servlet.http.HttpServletRequest)]
2023-08-14 16:50:22.360  INFO 21736 --- [main] o.s.s.concurrent.ThreadPoolTaskExecutor  : Initializing ExecutorService 'applicationTaskExecutor'
2023-08-14 16:50:22.592  INFO 21736 --- [main] d.s.w.p.DocumentationPluginsBootstrapper : Context refreshed
2023-08-14 16:50:22.638  INFO 21736 --- [main] d.s.w.p.DocumentationPluginsBootstrapper : Found 1 custom documentation plugin(s)
2023-08-14 16:50:22.679  INFO 21736 --- [main] s.d.s.w.s.ApiListingReferenceScanner     : Scanning for api listing references
2023-08-14 16:50:22.738  INFO 21736 --- [main] .d.s.w.r.o.CachingOperationNameGenerator : Generating unique operation named: combinedUsingPOST_1
2023-08-14 16:50:22.741  INFO 21736 --- [main] .d.s.w.r.o.CachingOperationNameGenerator : Generating unique operation named: combinedUsingPOST_2
2023-08-14 16:50:22.743  INFO 21736 --- [main] .d.s.w.r.o.CachingOperationNameGenerator : Generating unique operation named: combinedUsingPOST_3
2023-08-14 16:50:22.743  INFO 21736 --- [main] .d.s.w.r.o.CachingOperationNameGenerator : Generating unique operation named: combinedUsingPOST_4
2023-08-14 16:50:22.745  INFO 21736 --- [main] .d.s.w.r.o.CachingOperationNameGenerator : Generating unique operation named: combinedUsingPOST_5
2023-08-14 16:50:22.746  INFO 21736 --- [main] .d.s.w.r.o.CachingOperationNameGenerator : Generating unique operation named: combinedUsingPOST_6
2023-08-14 16:50:22.830  INFO 21736 --- [main] o.s.b.w.embedded.tomcat.TomcatWebServer  : Tomcat started on port(s): 9090 (http) with context path ''
2023-08-14 16:50:22.833  INFO 21736 --- [main] com.neo.SwaggerApplication               : Started SwaggerApplication in 3.513 seconds (JVM running for 4.627)
2023-08-14 16:51:53.084  INFO 21736 --- [http-nio-9090-exec-1] o.a.c.c.C.[Tomcat].[localhost].[/]       : Initializing Spring DispatcherServlet 'dispatcherServlet'
2023-08-14 16:51:53.085  INFO 21736 --- [http-nio-9090-exec-1] o.s.web.servlet.DispatcherServlet        : Initializing Servlet 'dispatcherServlet'
2023-08-14 16:51:53.093  INFO 21736 --- [http-nio-9090-exec-1] o.s.web.servlet.DispatcherServlet        : Completed initialization in 8 ms
2023-08-14 16:53:13.592  INFO 21736 --- [Thread-3] o.s.s.concurrent.ThreadPoolTaskExecutor  : Shutting down ExecutorService 'applicationTaskExecutor'
2023-08-14 16:53:43.654  INFO 6312 --- [main] com.neo.SwaggerApplication               : Starting SwaggerApplication v2.1.0.RELEASE on fengxiaoyang with PID 6312 (D:\Share\易恒\java-samples\spring-boot-swagger-mock-hs\target\spring-boot-HS-mockserver-2.1.0.RELEASE.jar started by norman in D:\Share\易恒\java-samples\spring-boot-swagger-mock-hs\target)
2023-08-14 16:53:43.659  INFO 6312 --- [main] com.neo.SwaggerApplication               : No active profile set, falling back to default profiles: default
2023-08-14 16:53:45.900  INFO 6312 --- [main] o.s.b.w.embedded.tomcat.TomcatWebServer  : Tomcat initialized with port(s): 9090 (http)
2023-08-14 16:53:45.921  INFO 6312 --- [main] o.apache.catalina.core.StandardService   : Starting service [Tomcat]
2023-08-14 16:53:45.922  INFO 6312 --- [main] org.apache.catalina.core.StandardEngine  : Starting Servlet Engine: Apache Tomcat/9.0.12
2023-08-14 16:53:45.932  INFO 6312 --- [main] o.a.catalina.core.AprLifecycleListener   : The APR based Apache Tomcat Native library which allows optimal performance in production environments was not found on the java.library.path: [C:\Program Files\Java\jdk-18\bin;C:\WINDOWS\Sun\Java\bin;C:\WINDOWS\system32;C:\WINDOWS;C:\Python310\Scripts\;C:\Python310\;C:\Program Files\Common Files\Oracle\Java\javapath;C:\Program Files (x86)\Common Files\Oracle\Java\javapath;C:\Program Files (x86)\VMware\VMware Workstation\bin\;C:\Python38\Scripts\;C:\Python38\;C:\WINDOWS\system32;C:\WINDOWS;C:\WINDOWS\System32\Wbem;C:\WINDOWS\System32\WindowsPowerShell\v1.0\;C:\WINDOWS\System32\OpenSSH\;C:\Program Files\dotnet\;C:\LLVM\bin;C:\Program Files\Git\cmd;C:\Program Files\Git\bin;D:\SW\Dev tools\apache-maven-3.8.5-bin\apache-maven-3.8.5\bin;C:\Program Files\Java\jdk-11.0.12\bin;D:\SW\Dev tools\apache-maven-3.8.5-bin\apache-maven-3.8.5\bin;C:\ProgramData\chocolatey\bin;D:\nodejs\;D:\curl;C:\Program Files\MySQL\MySQL Shell 8.0\bin\;C:\Users\norman\AppData\Local\Microsoft\WindowsApps;C:\Users\norman\AppData\Local\Programs\Microsoft VS Code\bin;C:\Users\norman\.dotnet\tools;C:\LLVM\bin;C:\Program Files\Git\bin;C:\Program Files\JetBrains\IntelliJ IDEA 2021.3.2\bin;;D:\SW\Dev tools\apache-maven-3.8.5-bin\apache-maven-3.8.5\bin;C:\Program Files\Java\jdk-11.0.12\bin;D:\SW\Dev tools\apache-maven-3.8.5-bin\apache-maven-3.8.5\bin;D:\nodejs\node_global;D:\nodejs\;C:\Users\norman\AppData\Roaming\npm;D:\curl;;.]
2023-08-14 16:53:46.057  INFO 6312 --- [main] o.a.c.c.C.[Tomcat].[localhost].[/]       : Initializing Spring embedded WebApplicationContext
2023-08-14 16:53:46.057  INFO 6312 --- [main] o.s.web.context.ContextLoader            : Root WebApplicationContext: initialization completed in 2260 ms
2023-08-14 16:53:46.099  INFO 6312 --- [main] o.s.b.w.servlet.ServletRegistrationBean  : Servlet dispatcherServlet mapped to [/]
2023-08-14 16:53:46.104  INFO 6312 --- [main] o.s.b.w.servlet.FilterRegistrationBean   : Mapping filter: 'characterEncodingFilter' to: [/*]
2023-08-14 16:53:46.105  INFO 6312 --- [main] o.s.b.w.servlet.FilterRegistrationBean   : Mapping filter: 'hiddenHttpMethodFilter' to: [/*]
2023-08-14 16:53:46.105  INFO 6312 --- [main] o.s.b.w.servlet.FilterRegistrationBean   : Mapping filter: 'formContentFilter' to: [/*]
2023-08-14 16:53:46.105  INFO 6312 --- [main] o.s.b.w.servlet.FilterRegistrationBean   : Mapping filter: 'requestContextFilter' to: [/*]
2023-08-14 16:53:46.533  INFO 6312 --- [main] pertySourcedRequestMappingHandlerMapping : Mapped URL path [/v2/api-docs] onto method [public org.springframework.http.ResponseEntity<springfox.documentation.spring.web.json.Json> springfox.documentation.swagger2.web.Swagger2Controller.getDocumentation(java.lang.String,javax.servlet.http.HttpServletRequest)]
2023-08-14 16:53:46.692  INFO 6312 --- [main] o.s.s.concurrent.ThreadPoolTaskExecutor  : Initializing ExecutorService 'applicationTaskExecutor'
2023-08-14 16:53:46.946  INFO 6312 --- [main] d.s.w.p.DocumentationPluginsBootstrapper : Context refreshed
2023-08-14 16:53:46.990  INFO 6312 --- [main] d.s.w.p.DocumentationPluginsBootstrapper : Found 1 custom documentation plugin(s)
2023-08-14 16:53:47.034  INFO 6312 --- [main] s.d.s.w.s.ApiListingReferenceScanner     : Scanning for api listing references
2023-08-14 16:53:47.105  INFO 6312 --- [main] .d.s.w.r.o.CachingOperationNameGenerator : Generating unique operation named: combinedUsingPOST_1
2023-08-14 16:53:47.109  INFO 6312 --- [main] .d.s.w.r.o.CachingOperationNameGenerator : Generating unique operation named: combinedUsingPOST_2
2023-08-14 16:53:47.111  INFO 6312 --- [main] .d.s.w.r.o.CachingOperationNameGenerator : Generating unique operation named: combinedUsingPOST_3
2023-08-14 16:53:47.114  INFO 6312 --- [main] .d.s.w.r.o.CachingOperationNameGenerator : Generating unique operation named: combinedUsingPOST_4
2023-08-14 16:53:47.116  INFO 6312 --- [main] .d.s.w.r.o.CachingOperationNameGenerator : Generating unique operation named: combinedUsingPOST_5
2023-08-14 16:53:47.118  INFO 6312 --- [main] .d.s.w.r.o.CachingOperationNameGenerator : Generating unique operation named: combinedUsingPOST_6
2023-08-14 16:53:47.222  INFO 6312 --- [main] o.s.b.w.embedded.tomcat.TomcatWebServer  : Tomcat started on port(s): 9090 (http) with context path ''
2023-08-14 16:53:47.225  INFO 6312 --- [main] com.neo.SwaggerApplication               : Started SwaggerApplication in 4.266 seconds (JVM running for 5.433)
2023-08-14 16:54:30.098  INFO 6312 --- [http-nio-9090-exec-1] o.a.c.c.C.[Tomcat].[localhost].[/]       : Initializing Spring DispatcherServlet 'dispatcherServlet'
2023-08-14 16:54:30.099  INFO 6312 --- [http-nio-9090-exec-1] o.s.web.servlet.DispatcherServlet        : Initializing Servlet 'dispatcherServlet'
2023-08-14 16:54:30.108  INFO 6312 --- [http-nio-9090-exec-1] o.s.web.servlet.DispatcherServlet        : Completed initialization in 9 ms
2023-08-14 17:06:43.630  INFO 6312 --- [Thread-3] o.s.s.concurrent.ThreadPoolTaskExecutor  : Shutting down ExecutorService 'applicationTaskExecutor'
2023-08-14 17:40:06.767  INFO 9568 --- [main] com.neo.SwaggerApplication               : Starting SwaggerApplication v2.1.0.RELEASE on fengxiaoyang with PID 9568 (D:\Share\易恒\java-samples\spring-boot-swagger-mock-hs\target\spring-boot-HS-mockserver-2.1.0.RELEASE.jar started by norman in D:\Share\易恒\java-samples\spring-boot-swagger-mock-hs\target)
2023-08-14 17:40:06.772  INFO 9568 --- [main] com.neo.SwaggerApplication               : No active profile set, falling back to default profiles: default
2023-08-14 17:40:08.720  INFO 9568 --- [main] o.s.b.w.embedded.tomcat.TomcatWebServer  : Tomcat initialized with port(s): 9090 (http)
2023-08-14 17:40:08.742  INFO 9568 --- [main] o.apache.catalina.core.StandardService   : Starting service [Tomcat]
2023-08-14 17:40:08.742  INFO 9568 --- [main] org.apache.catalina.core.StandardEngine  : Starting Servlet Engine: Apache Tomcat/9.0.12
2023-08-14 17:40:08.754  INFO 9568 --- [main] o.a.catalina.core.AprLifecycleListener   : The APR based Apache Tomcat Native library which allows optimal performance in production environments was not found on the java.library.path: [C:\Program Files\Java\jdk-18\bin;C:\WINDOWS\Sun\Java\bin;C:\WINDOWS\system32;C:\WINDOWS;C:\Python310\Scripts\;C:\Python310\;C:\Program Files\Common Files\Oracle\Java\javapath;C:\Program Files (x86)\Common Files\Oracle\Java\javapath;C:\Program Files (x86)\VMware\VMware Workstation\bin\;C:\Python38\Scripts\;C:\Python38\;C:\WINDOWS\system32;C:\WINDOWS;C:\WINDOWS\System32\Wbem;C:\WINDOWS\System32\WindowsPowerShell\v1.0\;C:\WINDOWS\System32\OpenSSH\;C:\Program Files\dotnet\;C:\LLVM\bin;C:\Program Files\Git\cmd;C:\Program Files\Git\bin;D:\SW\Dev tools\apache-maven-3.8.5-bin\apache-maven-3.8.5\bin;C:\Program Files\Java\jdk-11.0.12\bin;D:\SW\Dev tools\apache-maven-3.8.5-bin\apache-maven-3.8.5\bin;C:\ProgramData\chocolatey\bin;D:\nodejs\;D:\curl;C:\Program Files\MySQL\MySQL Shell 8.0\bin\;C:\Users\norman\AppData\Local\Microsoft\WindowsApps;C:\Users\norman\AppData\Local\Programs\Microsoft VS Code\bin;C:\Users\norman\.dotnet\tools;C:\LLVM\bin;C:\Program Files\Git\bin;C:\Program Files\JetBrains\IntelliJ IDEA 2021.3.2\bin;;D:\SW\Dev tools\apache-maven-3.8.5-bin\apache-maven-3.8.5\bin;C:\Program Files\Java\jdk-11.0.12\bin;D:\SW\Dev tools\apache-maven-3.8.5-bin\apache-maven-3.8.5\bin;D:\nodejs\node_global;D:\nodejs\;C:\Users\norman\AppData\Roaming\npm;D:\curl;;.]
2023-08-14 17:40:08.894  INFO 9568 --- [main] o.a.c.c.C.[Tomcat].[localhost].[/]       : Initializing Spring embedded WebApplicationContext
2023-08-14 17:40:08.895  INFO 9568 --- [main] o.s.web.context.ContextLoader            : Root WebApplicationContext: initialization completed in 1987 ms
2023-08-14 17:40:08.935  INFO 9568 --- [main] o.s.b.w.servlet.ServletRegistrationBean  : Servlet dispatcherServlet mapped to [/]
2023-08-14 17:40:08.939  INFO 9568 --- [main] o.s.b.w.servlet.FilterRegistrationBean   : Mapping filter: 'characterEncodingFilter' to: [/*]
2023-08-14 17:40:08.940  INFO 9568 --- [main] o.s.b.w.servlet.FilterRegistrationBean   : Mapping filter: 'hiddenHttpMethodFilter' to: [/*]
2023-08-14 17:40:08.940  INFO 9568 --- [main] o.s.b.w.servlet.FilterRegistrationBean   : Mapping filter: 'formContentFilter' to: [/*]
2023-08-14 17:40:08.940  INFO 9568 --- [main] o.s.b.w.servlet.FilterRegistrationBean   : Mapping filter: 'requestContextFilter' to: [/*]
2023-08-14 17:40:09.434  INFO 9568 --- [main] pertySourcedRequestMappingHandlerMapping : Mapped URL path [/v2/api-docs] onto method [public org.springframework.http.ResponseEntity<springfox.documentation.spring.web.json.Json> springfox.documentation.swagger2.web.Swagger2Controller.getDocumentation(java.lang.String,javax.servlet.http.HttpServletRequest)]
2023-08-14 17:40:09.623  INFO 9568 --- [main] o.s.s.concurrent.ThreadPoolTaskExecutor  : Initializing ExecutorService 'applicationTaskExecutor'
2023-08-14 17:40:09.913  INFO 9568 --- [main] d.s.w.p.DocumentationPluginsBootstrapper : Context refreshed
2023-08-14 17:40:09.972  INFO 9568 --- [main] d.s.w.p.DocumentationPluginsBootstrapper : Found 1 custom documentation plugin(s)
2023-08-14 17:40:10.015  INFO 9568 --- [main] s.d.s.w.s.ApiListingReferenceScanner     : Scanning for api listing references
2023-08-14 17:40:10.085  INFO 9568 --- [main] .d.s.w.r.o.CachingOperationNameGenerator : Generating unique operation named: combinedUsingPOST_1
2023-08-14 17:40:10.087  INFO 9568 --- [main] .d.s.w.r.o.CachingOperationNameGenerator : Generating unique operation named: combinedUsingPOST_2
2023-08-14 17:40:10.089  INFO 9568 --- [main] .d.s.w.r.o.CachingOperationNameGenerator : Generating unique operation named: combinedUsingPOST_3
2023-08-14 17:40:10.090  INFO 9568 --- [main] .d.s.w.r.o.CachingOperationNameGenerator : Generating unique operation named: combinedUsingPOST_4
2023-08-14 17:40:10.091  INFO 9568 --- [main] .d.s.w.r.o.CachingOperationNameGenerator : Generating unique operation named: combinedUsingPOST_5
2023-08-14 17:40:10.092  INFO 9568 --- [main] .d.s.w.r.o.CachingOperationNameGenerator : Generating unique operation named: combinedUsingPOST_6
2023-08-14 17:40:10.212  INFO 9568 --- [main] o.s.b.w.embedded.tomcat.TomcatWebServer  : Tomcat started on port(s): 9090 (http) with context path ''
2023-08-14 17:40:10.215  INFO 9568 --- [main] com.neo.SwaggerApplication               : Started SwaggerApplication in 4.006 seconds (JVM running for 5.189)
2023-08-14 17:40:44.537  INFO 9568 --- [http-nio-9090-exec-1] o.a.c.c.C.[Tomcat].[localhost].[/]       : Initializing Spring DispatcherServlet 'dispatcherServlet'
2023-08-14 17:40:44.538  INFO 9568 --- [http-nio-9090-exec-1] o.s.web.servlet.DispatcherServlet        : Initializing Servlet 'dispatcherServlet'
2023-08-14 17:40:44.549  INFO 9568 --- [http-nio-9090-exec-1] o.s.web.servlet.DispatcherServlet        : Completed initialization in 11 ms
2023-08-14 18:20:12.752  INFO 9568 --- [Thread-3] o.s.s.concurrent.ThreadPoolTaskExecutor  : Shutting down ExecutorService 'applicationTaskExecutor'
